Script [1:0..6:0]
 ├─ SimpleStatement [1:0..3:0]
 │   ├─ AssertNode [1:0..1:12]
 │   │   ├─ assert [1:0..1:6]: "assert"
 │   │   └─ CallParams [1:6..1:12]
 │   │       ├─ ( [1:6..1:7]: "("
 │   │       ├─ LiteralExpressionNode [1:7..1:11]
 │   │       │   └─ True [1:7..1:11]: "true"
 │   │       └─ ) [1:11..1:12]: ")"
 │   └─ ⚠ 3:0
 ├─ SimpleStatement [3:0..5:0]
 │   ├─ AssertNode [3:0..3:17]
 │   │   ├─ assert [3:0..3:6]: "assert"
 │   │   └─ CallParams [3:6..3:17]
 │   │       ├─ ( [3:6..3:7]: "("
 │   │       ├─ BinaryOperatorExpressionNode [3:7..3:16]
 │   │       │   ├─ BinaryOperatorExpressionNode [3:7..3:12]
 │   │       │   │   ├─ LiteralExpressionNode [3:7..3:8]: "1"
 │   │       │   │   ├─ ArithOp [3:9..3:10]: "+"
 │   │       │   │   └─ LiteralExpressionNode [3:11..3:12]: "2"
 │   │       │   ├─ ArithOp [3:13..3:14]: "+"
 │   │       │   └─ LiteralExpressionNode [3:15..3:16]: "3"
 │   │       └─ ) [3:16..3:17]: ")"
 │   └─ ⚠ 5:0
 └─ SimpleStatement [5:0..6:0]
     ├─ AssertNode [5:0..5:22]
     │   ├─ assert [5:0..5:6]: "assert"
     │   └─ CallParams [5:6..5:22]
     │       ├─ ( [5:6..5:7]: "("
     │       ├─ LiteralExpressionNode [5:7..5:21]
     │       │   └─ String [5:7..5:21]: "\"hello, world\""
     │       └─ ) [5:21..5:22]: ")"
     └─ ⚠ 6:0