Script [1:0..5:0]
 ├─ CompoundStatement [1:0..3:0]
 │   ├─ FunctionNode [1:0..3:0]
 │   │   ├─ func [1:0..1:4]: "func"
 │   │   ├─ Identifier [1:5..1:18]: "my_function_a"
 │   │   ├─ CallParams [1:18..1:20]
 │   │   │   ├─ ( [1:18..1:19]: "("
 │   │   │   └─ ) [1:19..1:20]: ")"
 │   │   └─ Body [1:20..3:0]
 │   │       ├─ : [1:20..1:21]: ":"
 │   │       ├─ CallExpressionNode [1:22..1:32]
 │   │       │   ├─ Identifier [1:22..1:27]: "print"
 │   │       │   └─ CallParams [1:27..1:32]
 │   │       │       ├─ ( [1:27..1:28]: "("
 │   │       │       ├─ LiteralExpressionNode [1:28..1:31]
 │   │       │       │   └─ String [1:28..1:31]: "\"a\""
 │   │       │       └─ ) [1:31..1:32]: ")"
 │   │       └─ ⚠ 3:0
 │   └─ ⚠ 3:0
 └─ CompoundStatement [3:0..4:11]
     └─ FunctionNode [3:0..4:11]
         ├─ func [3:0..3:4]: "func"
         ├─ Identifier [3:5..3:18]: "my_function_b"
         ├─ CallParams [3:18..3:57]
         │   ├─ ( [3:18..3:19]: "("
         │   ├─ ParameterNode [3:19..3:20]
         │   │   └─ Identifier [3:19..3:20]: "a"
         │   ├─ , [3:20..3:21]: ","
         │   ├─ ParameterNode [3:22..3:29]
         │   │   ├─ Identifier [3:22..3:23]: "b"
         │   │   └─ TypeCast [3:23..3:29]
         │   │       ├─ : [3:23..3:24]: ":"
         │   │       └─ Type [3:25..3:29]
         │   │           └─ Identifier [3:25..3:29]: "Node"
         │   ├─ , [3:29..3:30]: ","
         │   ├─ ParameterNode [3:31..3:39]
         │   │   ├─ Identifier [3:31..3:32]: "c"
         │   │   ├─ ⚠ [3:33..3:34]: "="
         │   │   └─ ⚠ [3:35..3:39]
         │   │       └─ True [3:35..3:39]: "true"
         │   ├─ , [3:39..3:40]: ","
         │   ├─ ParameterNode [3:41..3:48]
         │   │   ├─ Identifier [3:41..3:42]: "d"
         │   │   └─ TypeCast [3:42..3:48]
         │   │       ├─ : [3:42..3:43]: ":"
         │   │       └─ Type [3:44..3:48]
         │   │           └─ Identifier [3:44..3:48]: "bool"
         │   ├─ ⚠ [3:49..3:50]: "="
         │   ├─ ⚠ [3:51..3:56]
         │   │   └─ False [3:51..3:56]: "false"
         │   └─ ) [3:56..3:57]: ")"
         └─ Body [3:57..4:11]
             ├─ : [3:57..3:58]: ":"
             └─ CallExpressionNode [4:1..4:11]
                 ├─ Identifier [4:1..4:6]: "print"
                 └─ CallParams [4:6..4:11]
                     ├─ ( [4:6..4:7]: "("
                     ├─ LiteralExpressionNode [4:7..4:10]
                     │   └─ String [4:7..4:10]: "\"b\""
                     └─ ) [4:10..4:11]: ")"