Script [1:0..10:0]
 └─ CompoundStatement [1:0..10:0]
     └─ MatchNode [1:0..10:0]
         ├─ match [1:0..1:5]: "match"
         ├─ Identifier [1:6..1:16]: "HelloWorld"
         ├─ : [1:16..1:17]: ":"
         ├─ MatchBranchNode [2:1..8:1]
         │   ├─ PatternNode [2:1..2:2]
         │   │   └─ LiteralPatternNode [2:1..2:2]
         │   │       └─ LiteralExpressionNode [2:1..2:2]: "1"
         │   └─ Body [2:2..8:1]
         │       ├─ : [2:2..2:3]: ":"
         │       └─ SuiteNode [3:0..8:1]
         │           ├─ ⚠ 3:0
         │           ├─ CompoundStatement [3:2..4:0]
         │           │   └─ CallExpressionNode [3:2..3:15]
         │           │       ├─ Identifier [3:2..3:7]: "print"
         │           │       └─ CallParams [3:7..3:15]
         │           │           ├─ ( [3:7..3:8]: "("
         │           │           ├─ LiteralExpressionNode [3:8..3:14]
         │           │           │   └─ String [3:8..3:14]: "\"yay!\""
         │           │           └─ ) [3:14..3:15]: ")"
         │           ├─ CompoundStatement [4:0..8:0]
         │           │   └─ GroupedExpressionNode [4:0..7:22]
         │           │       ├─ ⚠ 4:0
         │           │       ├─ AssignmentExpressionNode [4:1..7:21]
         │           │       │   ├─ ParameterNode [4:1..5:7]
         │           │       │   │   ├─ Identifier [4:1..4:9]: "MY_CONST"
         │           │       │   │   └─ TypeCast [4:9..5:7]
         │           │       │   │       ├─ : [4:9..4:10]: ":"
         │           │       │   │       └─ Type [5:2..5:7]
         │           │       │   │           └─ Identifier [5:2..5:7]: "print"
         │           │       │   ├─ ⚠ 5:7
         │           │       │   └─ BinaryOperatorExpressionNode [5:7..7:21]
         │           │       │       ├─ GroupedExpressionNode [5:7..5:16]
         │           │       │       │   ├─ ( [5:7..5:8]: "("
         │           │       │       │   ├─ LiteralExpressionNode [5:8..5:15]
         │           │       │       │   │   └─ String [5:8..5:15]: "\"ok ok\""
         │           │       │       │   └─ ) [5:15..5:16]: ")"
         │           │       │       ├─ ⚠ [6:1..6:4]
         │           │       │       │   └─ var [6:1..6:4]: "var"
         │           │       │       ├─ ⚠ 6:5
         │           │       │       └─ AssignmentExpressionNode [6:5..7:21]
         │           │       │           ├─ ParameterNode [6:5..7:7]
         │           │       │           │   ├─ Identifier [6:5..6:8]: "hey"
         │           │       │           │   └─ TypeCast [6:8..7:7]
         │           │       │           │       ├─ : [6:8..6:9]: ":"
         │           │       │           │       └─ Type [7:2..7:7]
         │           │       │           │           └─ Identifier [7:2..7:7]: "print"
         │           │       │           ├─ ⚠ [7:7..7:21]
         │           │       │           │   └─ ( [7:7..7:8]: "("
         │           │       │           ├─ ⚠ 7:8
         │           │       │           └─ LiteralExpressionNode [7:8..7:21]
         │           │       │               └─ String [7:8..7:21]: "\"hey, a var!\""
         │           │       └─ ) [7:21..7:22]: ")"
         │           └─ ⚠ [8:0..8:2]: "\t_"
         └─ MatchBranchNode [8:1..10:0]
             ├─ PatternNode [8:1..8:2]
             │   └─ WildcardPatternNode [8:1..8:2]: "_"
             └─ Body [8:2..10:0]
                 ├─ : [8:2..8:3]: ":"
                 └─ SuiteNode [9:0..10:0]
                     └─ CompoundStatement [9:2..10:0]
                         └─ CallExpressionNode [9:2..9:19]
                             ├─ Identifier [9:2..9:7]: "print"
                             └─ CallParams [9:7..9:19]
                                 ├─ ( [9:7..9:8]: "("
                                 ├─ LiteralExpressionNode [9:8..9:18]
                                 │   └─ String [9:8..9:18]: "\"default!\""
                                 └─ ) [9:18..9:19]: ")"